2025-04-04 08:07:02.663438 - Received CBT.V508.FILE336.PDS from FILE336.XMI 
2025-04-04 08:07:02.666051 - Found $$$#DATE.txt (text/plain) in CBT.V508.FILE336.PDS, moved to PDS/$$$#DATE
2025-04-04 08:07:02.666224 - Found $$$INDEX.txt (text/plain) in CBT.V508.FILE336.PDS, moved to PDS/$$$INDEX
2025-04-04 08:07:02.666393 - Found $$DOC.txt (text/plain) in CBT.V508.FILE336.PDS, moved to PDS/$$DOC
2025-04-04 08:07:02.666548 - Found @FILE336.txt (text/plain) in CBT.V508.FILE336.PDS, moved to PDS/@FILE336
2025-04-04 08:07:02.666671 - Found ASMDSA.txt (text/plain) in CBT.V508.FILE336.PDS, moved to PDS/ASMDSA
2025-04-04 08:07:02.666800 - Found ASMTCA.txt (text/plain) in CBT.V508.FILE336.PDS, moved to PDS/ASMTCA
2025-04-04 08:07:02.666933 - Found ASMVDA.txt (text/plain) in CBT.V508.FILE336.PDS, moved to PDS/ASMVDA
2025-04-04 08:07:02.667062 - Found ASM04@.txt (text/plain) in CBT.V508.FILE336.PDS, moved to PDS/ASM04@
2025-04-04 08:07:02.667178 - Found BANNER.txt (text/plain) in CBT.V508.FILE336.PDS, moved to PDS/BANNER
2025-04-04 08:07:02.667382 - Found CLUTSPAR.txt (text/plain) in CBT.V508.FILE336.PDS, moved to PDS/CLUTSPAR
2025-04-04 08:07:02.667502 - Found CMDIN.txt (text/plain) in CBT.V508.FILE336.PDS, moved to PDS/CMDIN
2025-04-04 08:07:02.667619 - Found COB02@.txt (text/plain) in CBT.V508.FILE336.PDS, moved to PDS/COB02@
2025-04-04 08:07:02.667736 - Found COPYVTOC.txt (text/plain) in CBT.V508.FILE336.PDS, moved to PDS/COPYVTOC
2025-04-04 08:07:02.667872 - Found DISKUTI$.txt (text/plain) in CBT.V508.FILE336.PDS, moved to PDS/DISKUTI$
2025-04-04 08:07:02.668018 - Found DISKUTIL.txt (text/plain) in CBT.V508.FILE336.PDS, moved to PDS/DISKUTIL
2025-04-04 08:07:02.668153 - Found FORMAT4.txt (text/plain) in CBT.V508.FILE336.PDS, moved to PDS/FORMAT4
2025-04-04 08:07:02.668280 - Found FUNCACC@.txt (text/plain) in CBT.V508.FILE336.PDS, moved to PDS/FUNCACC@
2025-04-04 08:07:02.668404 - Found IECSDSL1.txt (text/plain) in CBT.V508.FILE336.PDS, moved to PDS/IECSDSL1
2025-04-04 08:07:02.668545 - Found IEEMB846.txt (text/plain) in CBT.V508.FILE336.PDS, moved to PDS/IEEMB846
2025-04-04 08:07:02.668659 - Found IKJEXTEN.txt (text/plain) in CBT.V508.FILE336.PDS, moved to PDS/IKJEXTEN
2025-04-04 08:07:02.668768 - Found INT18@.txt (text/plain) in CBT.V508.FILE336.PDS, moved to PDS/INT18@
2025-04-04 08:07:02.668884 - Found JES2PARM.txt (text/plain) in CBT.V508.FILE336.PDS, moved to PDS/JES2PARM
2025-04-04 08:07:02.669000 - Found JULIAN.txt (text/plain) in CBT.V508.FILE336.PDS, moved to PDS/JULIAN
2025-04-04 08:07:02.669138 - Found LIBEL.txt (text/plain) in CBT.V508.FILE336.PDS, moved to PDS/LIBEL
2025-04-04 08:07:02.669258 - Found LIBLOCK.txt (text/plain) in CBT.V508.FILE336.PDS, moved to PDS/LIBLOCK
2025-04-04 08:07:02.669394 - Found LICOND.txt (text/plain) in CBT.V508.FILE336.PDS, moved to PDS/LICOND
2025-04-04 08:07:02.669519 - Found LIENTRY.txt (text/plain) in CBT.V508.FILE336.PDS, moved to PDS/LIENTRY
2025-04-04 08:07:02.669643 - Found LIENVASM.txt (text/plain) in CBT.V508.FILE336.PDS, moved to PDS/LIENVASM
2025-04-04 08:07:02.669760 - Found LIENVPLI.txt (text/plain) in CBT.V508.FILE336.PDS, moved to PDS/LIENVPLI
2025-04-04 08:07:02.669878 - Found LIERRSET.txt (text/plain) in CBT.V508.FILE336.PDS, moved to PDS/LIERRSET
2025-04-04 08:07:02.669996 - Found LIERSET.txt (text/plain) in CBT.V508.FILE336.PDS, moved to PDS/LIERSET
2025-04-04 08:07:02.670135 - Found LIES@.txt (text/plain) in CBT.V508.FILE336.PDS, moved to PDS/LIES@
2025-04-04 08:07:02.670271 - Found LIEXIT.txt (text/plain) in CBT.V508.FILE336.PDS, moved to PDS/LIEXIT
2025-04-04 08:07:02.670396 - Found LIFO.txt (text/plain) in CBT.V508.FILE336.PDS, moved to PDS/LIFO
2025-04-04 08:07:02.670516 - Found LIFREE.txt (text/plain) in CBT.V508.FILE336.PDS, moved to PDS/LIFREE
2025-04-04 08:07:02.670632 - Found LIGET.txt (text/plain) in CBT.V508.FILE336.PDS, moved to PDS/LIGET
2025-04-04 08:07:02.670746 - Found LIGOTO.txt (text/plain) in CBT.V508.FILE336.PDS, moved to PDS/LIGOTO
2025-04-04 08:07:02.670864 - Found LINSURE.txt (text/plain) in CBT.V508.FILE336.PDS, moved to PDS/LINSURE
2025-04-04 08:07:02.670986 - Found LION.txt (text/plain) in CBT.V508.FILE336.PDS, moved to PDS/LION
2025-04-04 08:07:02.671105 - Found LIONCB.txt (text/plain) in CBT.V508.FILE336.PDS, moved to PDS/LIONCB
2025-04-04 08:07:02.671239 - Found LIREVERT.txt (text/plain) in CBT.V508.FILE336.PDS, moved to PDS/LIREVERT
2025-04-04 08:07:02.671373 - Found LIRLSE.txt (text/plain) in CBT.V508.FILE336.PDS, moved to PDS/LIRLSE
2025-04-04 08:07:02.671490 - Found LISECT.txt (text/plain) in CBT.V508.FILE336.PDS, moved to PDS/LISECT
2025-04-04 08:07:02.671606 - Found LISIGNAL.txt (text/plain) in CBT.V508.FILE336.PDS, moved to PDS/LISIGNAL
2025-04-04 08:07:02.671719 - Found LISTM.txt (text/plain) in CBT.V508.FILE336.PDS, moved to PDS/LISTM
2025-04-04 08:07:02.671837 - Found LISTM#.txt (text/plain) in CBT.V508.FILE336.PDS, moved to PDS/LISTM#
2025-04-04 08:07:02.671948 - Found LISTU.txt (text/plain) in CBT.V508.FILE336.PDS, moved to PDS/LISTU
2025-04-04 08:07:02.672068 - Found LISTU#.txt (text/plain) in CBT.V508.FILE336.PDS, moved to PDS/LISTU#
2025-04-04 08:07:02.672190 - Found MAPDISK.txt (text/plain) in CBT.V508.FILE336.PDS, moved to PDS/MAPDISK
2025-04-04 08:07:02.672308 - Found MAPDISK$.txt (text/plain) in CBT.V508.FILE336.PDS, moved to PDS/MAPDISK$
2025-04-04 08:07:02.672439 - Found MLPA.txt (text/plain) in CBT.V508.FILE336.PDS, moved to PDS/MLPA
2025-04-04 08:07:02.672549 - Found PARSE@.txt (text/plain) in CBT.V508.FILE336.PDS, moved to PDS/PARSE@
2025-04-04 08:07:02.672664 - Found PLIDSA.txt (text/plain) in CBT.V508.FILE336.PDS, moved to PDS/PLIDSA
2025-04-04 08:07:02.672781 - Found PLIONCB.txt (text/plain) in CBT.V508.FILE336.PDS, moved to PDS/PLIONCB
2025-04-04 08:07:02.672894 - Found PLITCA.txt (text/plain) in CBT.V508.FILE336.PDS, moved to PDS/PLITCA
2025-04-04 08:07:02.673012 - Found PRINTPD$.txt (text/plain) in CBT.V508.FILE336.PDS, moved to PDS/PRINTPD$
2025-04-04 08:07:02.673126 - Found RCB02A1.txt (text/plain) in CBT.V508.FILE336.PDS, moved to PDS/RCB02A1
2025-04-04 08:07:02.673241 - Found RCB05A1.txt (text/plain) in CBT.V508.FILE336.PDS, moved to PDS/RCB05A1
2025-04-04 08:07:02.673367 - Found RCB06A1.txt (text/plain) in CBT.V508.FILE336.PDS, moved to PDS/RCB06A1
2025-04-04 08:07:02.673496 - Found RCB07A1.txt (text/plain) in CBT.V508.FILE336.PDS, moved to PDS/RCB07A1
2025-04-04 08:07:02.673612 - Found RDA01U1.txt (text/plain) in CBT.V508.FILE336.PDS, moved to PDS/RDA01U1
2025-04-04 08:07:02.673747 - Found REGISTER.txt (text/plain) in CBT.V508.FILE336.PDS, moved to PDS/REGISTER
2025-04-04 08:07:02.673867 - Found RETURNX.txt (text/plain) in CBT.V508.FILE336.PDS, moved to PDS/RETURNX
2025-04-04 08:07:02.673979 - Found RJC12K1.txt (text/plain) in CBT.V508.FILE336.PDS, moved to PDS/RJC12K1
2025-04-04 08:07:02.674101 - Found RTS03A1.txt (text/plain) in CBT.V508.FILE336.PDS, moved to PDS/RTS03A1
2025-04-04 08:07:02.674416 - Found RTS10A1.txt (text/plain) in CBT.V508.FILE336.PDS, moved to PDS/RTS10A1
2025-04-04 08:07:02.674586 - Found RTS10Q1.txt (text/plain) in CBT.V508.FILE336.PDS, moved to PDS/RTS10Q1
2025-04-04 08:07:02.674718 - Found RTS10T1.txt (text/plain) in CBT.V508.FILE336.PDS, moved to PDS/RTS10T1
2025-04-04 08:07:02.674856 - Found RTS10Z1.txt (text/plain) in CBT.V508.FILE336.PDS, moved to PDS/RTS10Z1
2025-04-04 08:07:02.674979 - Found RTU05A1.txt (text/plain) in CBT.V508.FILE336.PDS, moved to PDS/RTU05A1
2025-04-04 08:07:02.675099 - Found RUA03A1.txt (text/plain) in CBT.V508.FILE336.PDS, moved to PDS/RUA03A1
2025-04-04 08:07:02.675222 - Found RUA03B1.txt (text/plain) in CBT.V508.FILE336.PDS, moved to PDS/RUA03B1
2025-04-04 08:07:02.675342 - Found RUA03C1.txt (text/plain) in CBT.V508.FILE336.PDS, moved to PDS/RUA03C1
2025-04-04 08:07:02.675470 - Found RUA03D1.txt (text/plain) in CBT.V508.FILE336.PDS, moved to PDS/RUA03D1
2025-04-04 08:07:02.675609 - Found RUA04A1.txt (text/plain) in CBT.V508.FILE336.PDS, moved to PDS/RUA04A1
2025-04-04 08:07:02.675729 - Found RUA04Q1.txt (text/plain) in CBT.V508.FILE336.PDS, moved to PDS/RUA04Q1
2025-04-04 08:07:02.675853 - Found RUA11A1.txt (text/plain) in CBT.V508.FILE336.PDS, moved to PDS/RUA11A1
2025-04-04 08:07:02.675973 - Found RUA11B1.txt (text/plain) in CBT.V508.FILE336.PDS, moved to PDS/RUA11B1
2025-04-04 08:07:02.676090 - Found RUA11C1.txt (text/plain) in CBT.V508.FILE336.PDS, moved to PDS/RUA11C1
2025-04-04 08:07:02.676218 - Found RUA13A1.txt (text/plain) in CBT.V508.FILE336.PDS, moved to PDS/RUA13A1
2025-04-04 08:07:02.676338 - Found RUA13M1.txt (text/plain) in CBT.V508.FILE336.PDS, moved to PDS/RUA13M1
2025-04-04 08:07:02.676462 - Found RUA13Q1.txt (text/plain) in CBT.V508.FILE336.PDS, moved to PDS/RUA13Q1
2025-04-04 08:07:02.676584 - Found SAVEX.txt (text/plain) in CBT.V508.FILE336.PDS, moved to PDS/SAVEX
2025-04-04 08:07:02.676699 - Found SEQCOPY.txt (text/plain) in CBT.V508.FILE336.PDS, moved to PDS/SEQCOPY
2025-04-04 08:07:02.676828 - Found SEQCOPY$.txt (text/plain) in CBT.V508.FILE336.PDS, moved to PDS/SEQCOPY$
2025-04-04 08:07:02.676947 - Found TAPECOP$.txt (text/plain) in CBT.V508.FILE336.PDS, moved to PDS/TAPECOP$
2025-04-04 08:07:02.677073 - Found TAPEMAP$.txt (text/plain) in CBT.V508.FILE336.PDS, moved to PDS/TAPEMAP$
2025-04-04 08:07:02.677188 - Found TAPESCA$.txt (text/plain) in CBT.V508.FILE336.PDS, moved to PDS/TAPESCA$
2025-04-04 08:07:02.677347 - Found TAPESCAN.txt (text/plain) in CBT.V508.FILE336.PDS, moved to PDS/TAPESCAN
2025-04-04 08:07:02.677464 - Found TAPESCUR.txt (text/plain) in CBT.V508.FILE336.PDS, moved to PDS/TAPESCUR
2025-04-04 08:07:02.677582 - Found TAPESUC@.txt (text/plain) in CBT.V508.FILE336.PDS, moved to PDS/TAPESUC@
2025-04-04 08:07:02.677706 - Found TSOSUMM.txt (text/plain) in CBT.V508.FILE336.PDS, moved to PDS/TSOSUMM
2025-04-04 08:07:02.677836 - Found TSOSUMM$.jcl (text/plain) in CBT.V508.FILE336.PDS, moved to PDS/TSOSUMM$
2025-04-04 08:07:02.677953 - Found TSO0906@.txt (text/plain) in CBT.V508.FILE336.PDS, moved to PDS/TSO0906@
2025-04-04 08:07:02.678078 - Found TSO0910@.txt (text/plain) in CBT.V508.FILE336.PDS, moved to PDS/TSO0910@
2025-04-04 08:07:02.678192 - Found TSO0917@.txt (text/plain) in CBT.V508.FILE336.PDS, moved to PDS/TSO0917@
2025-04-04 08:07:02.678314 - Found TTS02A1.txt (text/plain) in CBT.V508.FILE336.PDS, moved to PDS/TTS02A1
2025-04-04 08:07:02.678430 - Found UEBPDSPT.txt (text/plain) in CBT.V508.FILE336.PDS, moved to PDS/UEBPDSPT
2025-04-04 08:07:02.678545 - Found UEHSTAMP.txt (text/plain) in CBT.V508.FILE336.PDS, moved to PDS/UEHSTAMP
2025-04-04 08:07:02.678659 - Found UGET.txt (text/plain) in CBT.V508.FILE336.PDS, moved to PDS/UGET
2025-04-04 08:07:02.678775 - Found UHBACT.txt (text/plain) in CBT.V508.FILE336.PDS, moved to PDS/UHBACT
2025-04-04 08:07:02.678892 - Found UHBADDR.txt (text/plain) in CBT.V508.FILE336.PDS, moved to PDS/UHBADDR
2025-04-04 08:07:02.679023 - Found UHBBGEN.txt (text/plain) in CBT.V508.FILE336.PDS, moved to PDS/UHBBGEN
2025-04-04 08:07:02.679145 - Found UHBBMOD.txt (text/plain) in CBT.V508.FILE336.PDS, moved to PDS/UHBBMOD
2025-04-04 08:07:02.679261 - Found UHBCOLON.txt (text/plain) in CBT.V508.FILE336.PDS, moved to PDS/UHBCOLON
2025-04-04 08:07:02.679381 - Found UHBEGEN.txt (text/plain) in CBT.V508.FILE336.PDS, moved to PDS/UHBEGEN
2025-04-04 08:07:02.679512 - Found UHBGEN.txt (text/plain) in CBT.V508.FILE336.PDS, moved to PDS/UHBGEN
2025-04-04 08:07:02.679632 - Found UHBGENF.txt (text/plain) in CBT.V508.FILE336.PDS, moved to PDS/UHBGENF
2025-04-04 08:07:02.679746 - Found UHBGENV.txt (text/plain) in CBT.V508.FILE336.PDS, moved to PDS/UHBGENV
2025-04-04 08:07:02.679860 - Found UHBILDUP.txt (text/plain) in CBT.V508.FILE336.PDS, moved to PDS/UHBILDUP
2025-04-04 08:07:02.679984 - Found UHBLKUP.txt (text/plain) in CBT.V508.FILE336.PDS, moved to PDS/UHBLKUP
2025-04-04 08:07:02.680103 - Found UHBMACS@.txt (text/plain) in CBT.V508.FILE336.PDS, moved to PDS/UHBMACS@
2025-04-04 08:07:02.680223 - Found UHBMOD.txt (text/plain) in CBT.V508.FILE336.PDS, moved to PDS/UHBMOD
2025-04-04 08:07:02.680364 - Found UHBMODF.txt (text/plain) in CBT.V508.FILE336.PDS, moved to PDS/UHBMODF
2025-04-04 08:07:02.680483 - Found UHBMODV.txt (text/plain) in CBT.V508.FILE336.PDS, moved to PDS/UHBMODV
2025-04-04 08:07:02.680597 - Found UHBMOVE.txt (text/plain) in CBT.V508.FILE336.PDS, moved to PDS/UHBMOVE
2025-04-04 08:07:02.680713 - Found UHBRKDN.txt (text/plain) in CBT.V508.FILE336.PDS, moved to PDS/UHBRKDN
2025-04-04 08:07:02.680833 - Found UHBRQR.txt (text/plain) in CBT.V508.FILE336.PDS, moved to PDS/UHBRQR
2025-04-04 08:07:02.680951 - Found UHBSTORE.txt (text/plain) in CBT.V508.FILE336.PDS, moved to PDS/UHBSTORE
2025-04-04 08:07:02.681076 - Found UHBSUB.txt (text/plain) in CBT.V508.FILE336.PDS, moved to PDS/UHBSUB
2025-04-04 08:07:02.681197 - Found UHBSVC.txt (text/plain) in CBT.V508.FILE336.PDS, moved to PDS/UHBSVC
2025-04-04 08:07:02.681309 - Found UKJUGET.txt (text/plain) in CBT.V508.FILE336.PDS, moved to PDS/UKJUGET
2025-04-04 08:07:02.681440 - Found UKJUPUT.txt (text/plain) in CBT.V508.FILE336.PDS, moved to PDS/UKJUPUT
2025-04-04 08:07:02.681555 - Found ULT03@.txt (text/plain) in CBT.V508.FILE336.PDS, moved to PDS/ULT03@
2025-04-04 08:07:02.681668 - Found ULT07@.txt (text/plain) in CBT.V508.FILE336.PDS, moved to PDS/ULT07@
2025-04-04 08:07:02.681779 - Found ULT11@.txt (text/plain) in CBT.V508.FILE336.PDS, moved to PDS/ULT11@
2025-04-04 08:07:02.681888 - Found ULT19@.txt (text/plain) in CBT.V508.FILE336.PDS, moved to PDS/ULT19@
2025-04-04 08:07:02.682007 - Found UPROMPT.txt (text/plain) in CBT.V508.FILE336.PDS, moved to PDS/UPROMPT
2025-04-04 08:07:02.682126 - Found UPUT.txt (text/plain) in CBT.V508.FILE336.PDS, moved to PDS/UPUT
2025-04-04 08:07:02.682263 - Found XSEND.txt (text/plain) in CBT.V508.FILE336.PDS, moved to PDS/XSEND
2025-04-04 08:07:02.682380 - Found XSEND#.txt (text/plain) in CBT.V508.FILE336.PDS, moved to PDS/XSEND#
2025-04-04 08:07:02.682502 - Found XSENDPUT.txt (text/plain) in CBT.V508.FILE336.PDS, moved to PDS/XSENDPUT
2025-04-04 08:07:02.682639 - Found XTPUTSVC.txt (text/plain) in CBT.V508.FILE336.PDS, moved to PDS/XTPUTSVC
2025-04-04 08:07:02.682762 - Found XWTO.txt (text/plain) in CBT.V508.FILE336.PDS, moved to PDS/XWTO
2025-04-04 08:07:02.682878 - Found XWTO@.txt (text/plain) in CBT.V508.FILE336.PDS, moved to PDS/XWTO@
2025-04-04 08:07:02.682996 - Found XWTOLKIN.txt (text/plain) in CBT.V508.FILE336.PDS, moved to PDS/XWTOLKIN
2025-04-04 08:07:02.683118 - Found XWTOLKUP.txt (text/plain) in CBT.V508.FILE336.PDS, moved to PDS/XWTOLKUP
2025-04-04 08:07:02.683276 - Found XWTORD.txt (text/plain) in CBT.V508.FILE336.PDS, moved to PDS/XWTORD
2025-04-04 08:07:02.683421 - Found XWTORDM.txt (text/plain) in CBT.V508.FILE336.PDS, moved to PDS/XWTORDM
